1382833187 - log - Invalid hearabout category.
1382848743 - log - Invalid hearabout category.
1391108321 - success - Thank you for your donation!
1391802155 - error - Error: Missing required fields.
1391802302 - error - Error: Missing required fields.
1391803903 - log - upsert : '' is not a valid value for the type xsd:date
1391803903 - log - new_donation : '' is not a valid value for the type xsd:date
1391803936 - log - upsert : '' is not a valid value for the type xsd:date
1391803937 - log - new_donation : '' is not a valid value for the type xsd:date
1391803937 - success - Thank you for your donation!
1391804046 - log - upsert : '' is not a valid value for the type xsd:date
1391804046 - log - new_donation : '' is not a valid value for the type xsd:date
1391804197 - log - upsert : '' is not a valid value for the type xsd:date
1391804197 - log - new_donation : '' is not a valid value for the type xsd:date
1391804812 - log - upsert : '' is not a valid value for the type xsd:date
1391804812 - log - new_donation : '' is not a valid value for the type xsd:date
1391804975 - log - upsert : '' is not a valid value for the type xsd:date
1391804975 - log - new_donation : '' is not a valid value for the type xsd:date
1391846778 - error - Invalid request. Donation amount too small.
1391853399 - success - Thank you for your donation!
1392685307 - log - company : INVALID_FIELD: Field name provided, Name does not match an External ID, Salesforce Id, or indexed field for Account
1392685952 - log - company : INVALID_FIELD: Field name provided, Name does not match an External ID, Salesforce Id, or indexed field for Account
1392685955 - success - Thank you for your donation!
1392687563 - success - Thank you for your donation!
1392687873 - success - Thank you for your donation!
1392687979 - success - Thank you for your donation!
1392688074 - success - Thank you for your donation!
1392688286 - success - Thank you for your donation!
1392688346 - success - Thank you for your donation!
1392688425 - success - Thank you for your donation!
1393107539 - success - Thank you for your donation!
1393108025 - success - Thank you for your donation!
1393108973 - success - Thank you for your donation!
